[29-Jan-2017 16:43:57 UTC] PHP Notice:  wpcf7_add_shortcode is <strong>deprecated</strong> since Contact Form 7 version 4.6! Use wpcf7_add_form_tag instead. in C:\OpenServer\domains\starasiaphuket.loc\wp-content\plugins\contact-form-7\includes\functions.php on line 351
[29-Jan-2017 16:43:57 UTC] PHP Notice:  wpcf7_add_shortcode is <strong>deprecated</strong> since Contact Form 7 version 4.6! Use wpcf7_add_form_tag instead. in C:\OpenServer\domains\starasiaphuket.loc\wp-content\plugins\contact-form-7\includes\functions.php on line 351
[29-Jan-2017 16:48:48 UTC] PHP Notice:  wpcf7_add_shortcode is <strong>deprecated</strong> since Contact Form 7 version 4.6! Use wpcf7_add_form_tag instead. in C:\OpenServer\domains\starasiaphuket.loc\wp-content\plugins\contact-form-7\includes\functions.php on line 351
[29-Jan-2017 16:48:48 UTC] PHP Notice:  wpcf7_add_shortcode is <strong>deprecated</strong> since Contact Form 7 version 4.6! Use wpcf7_add_form_tag instead. in C:\OpenServer\domains\starasiaphuket.loc\wp-content\plugins\contact-form-7\includes\functions.php on line 351
[29-Jan-2017 16:48:48 UTC] oh. email not sent.
[29-Jan-2017 16:53:43 UTC] PHP Notice:  wpcf7_add_shortcode is <strong>deprecated</strong> since Contact Form 7 version 4.6! Use wpcf7_add_form_tag instead. in C:\OpenServer\domains\starasiaphuket.loc\wp-content\plugins\contact-form-7\includes\functions.php on line 351
[29-Jan-2017 16:53:43 UTC] PHP Notice:  wpcf7_add_shortcode is <strong>deprecated</strong> since Contact Form 7 version 4.6! Use wpcf7_add_form_tag instead. in C:\OpenServer\domains\starasiaphuket.loc\wp-content\plugins\contact-form-7\includes\functions.php on line 351
[29-Jan-2017 16:53:43 UTC] oh. email not sent.
[29-Jan-2017 16:57:40 UTC] PHP Notice:  wpcf7_add_shortcode is <strong>deprecated</strong> since Contact Form 7 version 4.6! Use wpcf7_add_form_tag instead. in C:\OpenServer\domains\starasiaphuket.loc\wp-content\plugins\contact-form-7\includes\functions.php on line 351
[29-Jan-2017 16:57:40 UTC] PHP Notice:  wpcf7_add_shortcode is <strong>deprecated</strong> since Contact Form 7 version 4.6! Use wpcf7_add_form_tag instead. in C:\OpenServer\domains\starasiaphuket.loc\wp-content\plugins\contact-form-7\includes\functions.php on line 351
[29-Jan-2017 20:09:26 UTC] PHP Notice:  wpcf7_add_shortcode is <strong>deprecated</strong> since Contact Form 7 version 4.6! Use wpcf7_add_form_tag instead. in /var/www/starasiaphuket.com/public_html/wp-content/plugins/contact-form-7/includes/functions.php on line 351
[29-Jan-2017 20:09:26 UTC] PHP Notice:  wpcf7_add_shortcode is <strong>deprecated</strong> since Contact Form 7 version 4.6! Use wpcf7_add_form_tag instead. in /var/www/starasiaphuket.com/public_html/wp-content/plugins/contact-form-7/includes/functions.php on line 351
[29-Jan-2017 20:40:42 UTC] PHP Notice:  wpcf7_add_shortcode is <strong>deprecated</strong> since Contact Form 7 version 4.6! Use wpcf7_add_form_tag instead. in /var/www/starasiaphuket.com/public_html/wp-content/plugins/contact-form-7/includes/functions.php on line 351
[29-Jan-2017 22:14:39 UTC] PHP Notice:  wpcf7_add_shortcode is <strong>deprecated</strong> since Contact Form 7 version 4.6! Use wpcf7_add_form_tag instead. in /var/www/starasiaphuket.com/public_html/wp-content/plugins/contact-form-7/includes/functions.php on line 351
[29-Jan-2017 22:14:39 UTC] PHP Notice:  wpcf7_add_shortcode is <strong>deprecated</strong> since Contact Form 7 version 4.6! Use wpcf7_add_form_tag instead. in /var/www/starasiaphuket.com/public_html/wp-content/plugins/contact-form-7/includes/functions.php on line 351
[29-Jan-2017 22:14:41 UTC] PHP Notice:  wpcf7_add_shortcode is <strong>deprecated</strong> since Contact Form 7 version 4.6! Use wpcf7_add_form_tag instead. in /var/www/starasiaphuket.com/public_html/wp-content/plugins/contact-form-7/includes/functions.php on line 351
[29-Jan-2017 23:48:29 UTC] PHP Notice:  wpcf7_add_shortcode is <strong>deprecated</strong> since Contact Form 7 version 4.6! Use wpcf7_add_form_tag instead. in /var/www/starasiaphuket.com/public_html/wp-content/plugins/contact-form-7/includes/functions.php on line 351
[30-Jan-2017 00:17:09 UTC] PHP Notice:  wpcf7_add_shortcode is <strong>deprecated</strong> since Contact Form 7 version 4.6! Use wpcf7_add_form_tag instead. in /var/www/starasiaphuket.com/public_html/wp-content/plugins/contact-form-7/includes/functions.php on line 351
[30-Jan-2017 00:17:10 UTC] PHP Notice:  wpcf7_add_shortcode is <strong>deprecated</strong> since Contact Form 7 version 4.6! Use wpcf7_add_form_tag instead. in /var/www/starasiaphuket.com/public_html/wp-content/plugins/contact-form-7/includes/functions.php on line 351
[30-Jan-2017 00:23:11 UTC] PHP Notice:  wpcf7_add_shortcode is <strong>deprecated</strong> since Contact Form 7 version 4.6! Use wpcf7_add_form_tag instead. in /var/www/starasiaphuket.com/public_html/wp-content/plugins/contact-form-7/includes/functions.php on line 351
[30-Jan-2017 00:23:12 UTC] PHP Notice:  wpcf7_add_shortcode is <strong>deprecated</strong> since Contact Form 7 version 4.6! Use wpcf7_add_form_tag instead. in /var/www/starasiaphuket.com/public_html/wp-content/plugins/contact-form-7/includes/functions.php on line 351
[30-Jan-2017 00:23:13 UTC] PHP Notice:  wpcf7_add_shortcode is <strong>deprecated</strong> since Contact Form 7 version 4.6! Use wpcf7_add_form_tag instead. in /var/www/starasiaphuket.com/public_html/wp-content/plugins/contact-form-7/includes/functions.php on line 351
[30-Jan-2017 01:41:12 UTC] PHP Notice:  wpcf7_add_shortcode is <strong>deprecated</strong> since Contact Form 7 version 4.6! Use wpcf7_add_form_tag instead. in /var/www/starasiaphuket.com/public_html/wp-content/plugins/contact-form-7/includes/functions.php on line 351
[30-Jan-2017 02:54:53 UTC] PHP Notice:  wpcf7_add_shortcode is <strong>deprecated</strong> since Contact Form 7 version 4.6! Use wpcf7_add_form_tag instead. in /var/www/starasiaphuket.com/public_html/wp-content/plugins/contact-form-7/includes/functions.php on line 351
[30-Jan-2017 02:54:54 UTC] PHP Notice:  wpcf7_add_shortcode is <strong>deprecated</strong> since Contact Form 7 version 4.6! Use wpcf7_add_form_tag instead. in /var/www/starasiaphuket.com/public_html/wp-content/plugins/contact-form-7/includes/functions.php on line 351
[30-Jan-2017 03:01:15 UTC] PHP Notice:  wpcf7_add_shortcode is <strong>deprecated</strong> since Contact Form 7 version 4.6! Use wpcf7_add_form_tag instead. in /var/www/starasiaphuket.com/public_html/wp-content/plugins/contact-form-7/includes/functions.php on line 351
[30-Jan-2017 03:01:15 UTC] PHP Notice:  wpcf7_add_shortcode is <strong>deprecated</strong> since Contact Form 7 version 4.6! Use wpcf7_add_form_tag instead. in /var/www/starasiaphuket.com/public_html/wp-content/plugins/contact-form-7/includes/functions.php on line 351
[30-Jan-2017 03:46:32 UTC] PHP Notice:  wpcf7_add_shortcode is <strong>deprecated</strong> since Contact Form 7 version 4.6! Use wpcf7_add_form_tag instead. in /var/www/starasiaphuket.com/public_html/wp-content/plugins/contact-form-7/includes/functions.php on line 351
[30-Jan-2017 03:46:32 UTC] PHP Notice:  Undefined variable: continent in /var/www/starasiaphuket.com/public_html/wp-content/plugins/cookie-law-bar/cookie-law-bar.php on line 155
[30-Jan-2017 03:46:35 UTC] PHP Notice:  wpcf7_add_shortcode is <strong>deprecated</strong> since Contact Form 7 version 4.6! Use wpcf7_add_form_tag instead. in /var/www/starasiaphuket.com/public_html/wp-content/plugins/contact-form-7/includes/functions.php on line 351
[30-Jan-2017 03:46:36 UTC] PHP Notice:  wpcf7_add_shortcode is <strong>deprecated</strong> since Contact Form 7 version 4.6! Use wpcf7_add_form_tag instead. in /var/www/starasiaphuket.com/public_html/wp-content/plugins/contact-form-7/includes/functions.php on line 351
[30-Jan-2017 03:46:36 UTC] PHP Notice:  Undefined index: keyword in /var/www/starasiaphuket.com/public_html/wp-content/themes/houzez/template-parts/advanced-search/desktop.php on line 454
[30-Jan-2017 03:46:36 UTC] PHP Notice:  Undefined index: keyword in /var/www/starasiaphuket.com/public_html/wp-content/themes/houzez/template-parts/advanced-search/mobile.php on line 46
[30-Jan-2017 03:46:36 UTC] PHP Notice:  Undefined variable: continent in /var/www/starasiaphuket.com/public_html/wp-content/plugins/cookie-law-bar/cookie-law-bar.php on line 155
[30-Jan-2017 03:46:49 UTC] PHP Notice:  wpcf7_add_shortcode is <strong>deprecated</strong> since Contact Form 7 version 4.6! Use wpcf7_add_form_tag instead. in /var/www/starasiaphuket.com/public_html/wp-content/plugins/contact-form-7/includes/functions.php on line 351
[30-Jan-2017 03:46:50 UTC] PHP Notice:  Undefined variable: continent in /var/www/starasiaphuket.com/public_html/wp-content/plugins/cookie-law-bar/cookie-law-bar.php on line 155
[30-Jan-2017 04:06:25 UTC] PHP Notice:  wpcf7_add_shortcode is <strong>deprecated</strong> since Contact Form 7 version 4.6! Use wpcf7_add_form_tag instead. in /var/www/starasiaphuket.com/public_html/wp-content/plugins/contact-form-7/includes/functions.php on line 351
[30-Jan-2017 04:06:25 UTC] PHP Notice:  Undefined index: az_favorites in /var/www/starasiaphuket.com/public_html/wp-content/themes/houzez/template/user_dashboard_saved_search_favorites.php on line 25
[30-Jan-2017 04:06:25 UTC] PHP Notice:  wpcf7_add_shortcode is <strong>deprecated</strong> since Contact Form 7 version 4.6! Use wpcf7_add_form_tag instead. in /var/www/starasiaphuket.com/public_html/wp-content/plugins/contact-form-7/includes/functions.php on line 351
[30-Jan-2017 04:06:59 UTC] PHP Notice:  wpcf7_add_shortcode is <strong>deprecated</strong> since Contact Form 7 version 4.6! Use wpcf7_add_form_tag instead. in /var/www/starasiaphuket.com/public_html/wp-content/plugins/contact-form-7/includes/functions.php on line 351
[30-Jan-2017 04:07:30 UTC] PHP Notice:  wpcf7_add_shortcode is <strong>deprecated</strong> since Contact Form 7 version 4.6! Use wpcf7_add_form_tag instead. in /var/www/starasiaphuket.com/public_html/wp-content/plugins/contact-form-7/includes/functions.php on line 351
[30-Jan-2017 04:07:31 UTC] PHP Notice:  wpcf7_add_shortcode is <strong>deprecated</strong> since Contact Form 7 version 4.6! Use wpcf7_add_form_tag instead. in /var/www/starasiaphuket.com/public_html/wp-content/plugins/contact-form-7/includes/functions.php on line 351
[30-Jan-2017 04:07:45 UTC] PHP Notice:  wpcf7_add_shortcode is <strong>deprecated</strong> since Contact Form 7 version 4.6! Use wpcf7_add_form_tag instead. in /var/www/starasiaphuket.com/public_html/wp-content/plugins/contact-form-7/includes/functions.php on line 351
[30-Jan-2017 04:07:48 UTC] PHP Notice:  wpcf7_add_shortcode is <strong>deprecated</strong> since Contact Form 7 version 4.6! Use wpcf7_add_form_tag instead. in /var/www/starasiaphuket.com/public_html/wp-content/plugins/contact-form-7/includes/functions.php on line 351
[30-Jan-2017 04:07:49 UTC] PHP Notice:  wpcf7_add_shortcode is <strong>deprecated</strong> since Contact Form 7 version 4.6! Use wpcf7_add_form_tag instead. in /var/www/starasiaphuket.com/public_html/wp-content/plugins/contact-form-7/includes/functions.php on line 351
[30-Jan-2017 04:07:52 UTC] PHP Notice:  wpcf7_add_shortcode is <strong>deprecated</strong> since Contact Form 7 version 4.6! Use wpcf7_add_form_tag instead. in /var/www/starasiaphuket.com/public_html/wp-content/plugins/contact-form-7/includes/functions.php on line 351
[30-Jan-2017 04:07:52 UTC] PHP Notice:  wpcf7_add_shortcode is <strong>deprecated</strong> since Contact Form 7 version 4.6! Use wpcf7_add_form_tag instead. in /var/www/starasiaphuket.com/public_html/wp-content/plugins/contact-form-7/includes/functions.php on line 351
[30-Jan-2017 04:07:54 UTC] PHP Notice:  wpcf7_add_shortcode is <strong>deprecated</strong> since Contact Form 7 version 4.6! Use wpcf7_add_form_tag instead. in /var/www/starasiaphuket.com/public_html/wp-content/plugins/contact-form-7/includes/functions.php on line 351
[30-Jan-2017 04:08:04 UTC] PHP Notice:  wpcf7_add_shortcode is <strong>deprecated</strong> since Contact Form 7 version 4.6! Use wpcf7_add_form_tag instead. in /var/www/starasiaphuket.com/public_html/wp-content/plugins/contact-form-7/includes/functions.php on line 351
[30-Jan-2017 04:08:05 UTC] PHP Notice:  wpcf7_add_shortcode is <strong>deprecated</strong> since Contact Form 7 version 4.6! Use wpcf7_add_form_tag instead. in /var/www/starasiaphuket.com/public_html/wp-content/plugins/contact-form-7/includes/functions.php on line 351
[30-Jan-2017 04:08:24 UTC] PHP Notice:  wpcf7_add_shortcode is <strong>deprecated</strong> since Contact Form 7 version 4.6! Use wpcf7_add_form_tag instead. in /var/www/starasiaphuket.com/public_html/wp-content/plugins/contact-form-7/includes/functions.php on line 351
[30-Jan-2017 04:10:26 UTC] PHP Notice:  wpcf7_add_shortcode is <strong>deprecated</strong> since Contact Form 7 version 4.6! Use wpcf7_add_form_tag instead. in /var/www/starasiaphuket.com/public_html/wp-content/plugins/contact-form-7/includes/functions.php on line 351
[30-Jan-2017 04:10:26 UTC] PHP Notice:  wpcf7_add_shortcode is <strong>deprecated</strong> since Contact Form 7 version 4.6! Use wpcf7_add_form_tag instead. in /var/www/starasiaphuket.com/public_html/wp-content/plugins/contact-form-7/includes/functions.php on line 351
[30-Jan-2017 04:10:27 UTC] PHP Notice:  Undefined variable: continent in /var/www/starasiaphuket.com/public_html/wp-content/plugins/cookie-law-bar/cookie-law-bar.php on line 155
[30-Jan-2017 04:10:28 UTC] PHP Notice:  wpcf7_add_shortcode is <strong>deprecated</strong> since Contact Form 7 version 4.6! Use wpcf7_add_form_tag instead. in /var/www/starasiaphuket.com/public_html/wp-content/plugins/contact-form-7/includes/functions.php on line 351
[30-Jan-2017 04:10:28 UTC] PHP Notice:  Undefined index: keyword in /var/www/starasiaphuket.com/public_html/wp-content/themes/houzez/template-parts/advanced-search/desktop.php on line 454
[30-Jan-2017 04:10:28 UTC] PHP Notice:  Undefined index: keyword in /var/www/starasiaphuket.com/public_html/wp-content/themes/houzez/template-parts/advanced-search/mobile.php on line 46
[30-Jan-2017 04:10:28 UTC] PHP Notice:  Undefined variable: continent in /var/www/starasiaphuket.com/public_html/wp-content/plugins/cookie-law-bar/cookie-law-bar.php on line 155
[30-Jan-2017 04:10:37 UTC] PHP Notice:  wpcf7_add_shortcode is <strong>deprecated</strong> since Contact Form 7 version 4.6! Use wpcf7_add_form_tag instead. in /var/www/starasiaphuket.com/public_html/wp-content/plugins/contact-form-7/includes/functions.php on line 351
[30-Jan-2017 04:10:38 UTC] PHP Notice:  wpcf7_add_shortcode is <strong>deprecated</strong> since Contact Form 7 version 4.6! Use wpcf7_add_form_tag instead. in /var/www/starasiaphuket.com/public_html/wp-content/plugins/contact-form-7/includes/functions.php on line 351
[30-Jan-2017 04:10:38 UTC] PHP Notice:  Undefined variable: continent in /var/www/starasiaphuket.com/public_html/wp-content/plugins/cookie-law-bar/cookie-law-bar.php on line 155
[30-Jan-2017 04:41:14 UTC] PHP Notice:  wpcf7_add_shortcode is <strong>deprecated</strong> since Contact Form 7 version 4.6! Use wpcf7_add_form_tag instead. in /var/www/starasiaphuket.com/public_html/wp-content/plugins/contact-form-7/includes/functions.php on line 351
[30-Jan-2017 04:41:26 UTC] PHP Notice:  wpcf7_add_shortcode is <strong>deprecated</strong> since Contact Form 7 version 4.6! Use wpcf7_add_form_tag instead. in /var/www/starasiaphuket.com/public_html/wp-content/plugins/contact-form-7/includes/functions.php on line 351
[30-Jan-2017 04:41:26 UTC] PHP Notice:  wpcf7_add_shortcode is <strong>deprecated</strong> since Contact Form 7 version 4.6! Use wpcf7_add_form_tag instead. in /var/www/starasiaphuket.com/public_html/wp-content/plugins/contact-form-7/includes/functions.php on line 351
[30-Jan-2017 04:41:29 UTC] PHP Notice:  wpcf7_add_shortcode is <strong>deprecated</strong> since Contact Form 7 version 4.6! Use wpcf7_add_form_tag instead. in /var/www/starasiaphuket.com/public_html/wp-content/plugins/contact-form-7/includes/functions.php on line 351
[30-Jan-2017 04:41:50 UTC] PHP Notice:  wpcf7_add_shortcode is <strong>deprecated</strong> since Contact Form 7 version 4.6! Use wpcf7_add_form_tag instead. in /var/www/starasiaphuket.com/public_html/wp-content/plugins/contact-form-7/includes/functions.php on line 351
[30-Jan-2017 04:41:51 UTC] PHP Notice:  wpcf7_add_shortcode is <strong>deprecated</strong> since Contact Form 7 version 4.6! Use wpcf7_add_form_tag instead. in /var/www/starasiaphuket.com/public_html/wp-content/plugins/contact-form-7/includes/functions.php on line 351
[30-Jan-2017 05:04:37 UTC] PHP Notice:  wpcf7_add_shortcode is <strong>deprecated</strong> since Contact Form 7 version 4.6! Use wpcf7_add_form_tag instead. in /var/www/starasiaphuket.com/public_html/wp-content/plugins/contact-form-7/includes/functions.php on line 351
[30-Jan-2017 05:04:38 UTC] PHP Notice:  wpcf7_add_shortcode is <strong>deprecated</strong> since Contact Form 7 version 4.6! Use wpcf7_add_form_tag instead. in /var/www/starasiaphuket.com/public_html/wp-content/plugins/contact-form-7/includes/functions.php on line 351
[30-Jan-2017 05:04:38 UTC] PHP Notice:  wpcf7_add_shortcode is <strong>deprecated</strong> since Contact Form 7 version 4.6! Use wpcf7_add_form_tag instead. in /var/www/starasiaphuket.com/public_html/wp-content/plugins/contact-form-7/includes/functions.php on line 351
[30-Jan-2017 05:49:35 UTC] PHP Notice:  wpcf7_add_shortcode is <strong>deprecated</strong> since Contact Form 7 version 4.6! Use wpcf7_add_form_tag instead. in /var/www/starasiaphuket.com/public_html/wp-content/plugins/contact-form-7/includes/functions.php on line 351
[30-Jan-2017 06:02:20 UTC] PHP Notice:  wpcf7_add_shortcode is <strong>deprecated</strong> since Contact Form 7 version 4.6! Use wpcf7_add_form_tag instead. in /var/www/starasiaphuket.com/public_html/wp-content/plugins/contact-form-7/includes/functions.php on line 351
[30-Jan-2017 06:02:20 UTC] PHP Notice:  wpcf7_add_shortcode is <strong>deprecated</strong> since Contact Form 7 version 4.6! Use wpcf7_add_form_tag instead. in /var/www/starasiaphuket.com/public_html/wp-content/plugins/contact-form-7/includes/functions.php on line 351
[30-Jan-2017 06:02:28 UTC] PHP Notice:  wpcf7_add_shortcode is <strong>deprecated</strong> since Contact Form 7 version 4.6! Use wpcf7_add_form_tag instead. in /var/www/starasiaphuket.com/public_html/wp-content/plugins/contact-form-7/includes/functions.php on line 351
[30-Jan-2017 06:02:34 UTC] PHP Notice:  wpcf7_add_shortcode is <strong>deprecated</strong> since Contact Form 7 version 4.6! Use wpcf7_add_form_tag instead. in /var/www/starasiaphuket.com/public_html/wp-content/plugins/contact-form-7/includes/functions.php on line 351
[30-Jan-2017 06:02:35 UTC] PHP Notice:  wpcf7_add_shortcode is <strong>deprecated</strong> since Contact Form 7 version 4.6! Use wpcf7_add_form_tag instead. in /var/www/starasiaphuket.com/public_html/wp-content/plugins/contact-form-7/includes/functions.php on line 351
[30-Jan-2017 06:02:37 UTC] PHP Notice:  wpcf7_add_shortcode is <strong>deprecated</strong> since Contact Form 7 version 4.6! Use wpcf7_add_form_tag instead. in /var/www/starasiaphuket.com/public_html/wp-content/plugins/contact-form-7/includes/functions.php on line 351
[30-Jan-2017 06:02:53 UTC] PHP Notice:  wpcf7_add_shortcode is <strong>deprecated</strong> since Contact Form 7 version 4.6! Use wpcf7_add_form_tag instead. in /var/www/starasiaphuket.com/public_html/wp-content/plugins/contact-form-7/includes/functions.php on line 351
[30-Jan-2017 06:02:54 UTC] PHP Notice:  wpcf7_add_shortcode is <strong>deprecated</strong> since Contact Form 7 version 4.6! Use wpcf7_add_form_tag instead. in /var/www/starasiaphuket.com/public_html/wp-content/plugins/contact-form-7/includes/functions.php on line 351
[30-Jan-2017 06:03:05 UTC] PHP Notice:  wpcf7_add_shortcode is <strong>deprecated</strong> since Contact Form 7 version 4.6! Use wpcf7_add_form_tag instead. in /var/www/starasiaphuket.com/public_html/wp-content/plugins/contact-form-7/includes/functions.php on line 351
[30-Jan-2017 06:03:18 UTC] PHP Notice:  wpcf7_add_shortcode is <strong>deprecated</strong> since Contact Form 7 version 4.6! Use wpcf7_add_form_tag instead. in /var/www/starasiaphuket.com/public_html/wp-content/plugins/contact-form-7/includes/functions.php on line 351
[30-Jan-2017 06:03:19 UTC] PHP Notice:  wpcf7_add_shortcode is <strong>deprecated</strong> since Contact Form 7 version 4.6! Use wpcf7_add_form_tag instead. in /var/www/starasiaphuket.com/public_html/wp-content/plugins/contact-form-7/includes/functions.php on line 351
[30-Jan-2017 06:03:20 UTC] PHP Notice:  wpcf7_add_shortcode is <strong>deprecated</strong> since Contact Form 7 version 4.6! Use wpcf7_add_form_tag instead. in /var/www/starasiaphuket.com/public_html/wp-content/plugins/contact-form-7/includes/functions.php on line 351
[30-Jan-2017 06:04:13 UTC] PHP Notice:  wpcf7_add_shortcode is <strong>deprecated</strong> since Contact Form 7 version 4.6! Use wpcf7_add_form_tag instead. in /var/www/starasiaphuket.com/public_html/wp-content/plugins/contact-form-7/includes/functions.php on line 351
[30-Jan-2017 06:04:14 UTC] PHP Notice:  wpcf7_add_shortcode is <strong>deprecated</strong> since Contact Form 7 version 4.6! Use wpcf7_add_form_tag instead. in /var/www/starasiaphuket.com/public_html/wp-content/plugins/contact-form-7/includes/functions.php on line 351
[30-Jan-2017 06:05:13 UTC] PHP Notice:  wpcf7_add_shortcode is <strong>deprecated</strong> since Contact Form 7 version 4.6! Use wpcf7_add_form_tag instead. in /var/www/starasiaphuket.com/public_html/wp-content/plugins/contact-form-7/includes/functions.php on line 351
[30-Jan-2017 06:06:13 UTC] PHP Notice:  wpcf7_add_shortcode is <strong>deprecated</strong> since Contact Form 7 version 4.6! Use wpcf7_add_form_tag instead. in /var/www/starasiaphuket.com/public_html/wp-content/plugins/contact-form-7/includes/functions.php on line 351
[30-Jan-2017 06:08:13 UTC] PHP Notice:  wpcf7_add_shortcode is <strong>deprecated</strong> since Contact Form 7 version 4.6! Use wpcf7_add_form_tag instead. in /var/www/starasiaphuket.com/public_html/wp-content/plugins/contact-form-7/includes/functions.php on line 351
[30-Jan-2017 06:09:13 UTC] PHP Notice:  wpcf7_add_shortcode is <strong>deprecated</strong> since Contact Form 7 version 4.6! Use wpcf7_add_form_tag instead. in /var/www/starasiaphuket.com/public_html/wp-content/plugins/contact-form-7/includes/functions.php on line 351
[30-Jan-2017 06:11:13 UTC] PHP Notice:  wpcf7_add_shortcode is <strong>deprecated</strong> since Contact Form 7 version 4.6! Use wpcf7_add_form_tag instead. in /var/www/starasiaphuket.com/public_html/wp-content/plugins/contact-form-7/includes/functions.php on line 351
[30-Jan-2017 06:12:13 UTC] PHP Notice:  wpcf7_add_shortcode is <strong>deprecated</strong> since Contact Form 7 version 4.6! Use wpcf7_add_form_tag instead. in /var/www/starasiaphuket.com/public_html/wp-content/plugins/contact-form-7/includes/functions.php on line 351
[30-Jan-2017 06:13:14 UTC] PHP Notice:  wpcf7_add_shortcode is <strong>deprecated</strong> since Contact Form 7 version 4.6! Use wpcf7_add_form_tag instead. in /var/www/starasiaphuket.com/public_html/wp-content/plugins/contact-form-7/includes/functions.php on line 351
[30-Jan-2017 06:15:13 UTC] PHP Notice:  wpcf7_add_shortcode is <strong>deprecated</strong> since Contact Form 7 version 4.6! Use wpcf7_add_form_tag instead. in /var/www/starasiaphuket.com/public_html/wp-content/plugins/contact-form-7/includes/functions.php on line 351
[30-Jan-2017 06:17:13 UTC] PHP Notice:  wpcf7_add_shortcode is <strong>deprecated</strong> since Contact Form 7 version 4.6! Use wpcf7_add_form_tag instead. in /var/www/starasiaphuket.com/public_html/wp-content/plugins/contact-form-7/includes/functions.php on line 351
[30-Jan-2017 06:19:13 UTC] PHP Notice:  wpcf7_add_shortcode is <strong>deprecated</strong> since Contact Form 7 version 4.6! Use wpcf7_add_form_tag instead. in /var/www/starasiaphuket.com/public_html/wp-content/plugins/contact-form-7/includes/functions.php on line 351
[30-Jan-2017 06:21:13 UTC] PHP Notice:  wpcf7_add_shortcode is <strong>deprecated</strong> since Contact Form 7 version 4.6! Use wpcf7_add_form_tag instead. in /var/www/starasiaphuket.com/public_html/wp-content/plugins/contact-form-7/includes/functions.php on line 351
[30-Jan-2017 06:34:04 UTC] PHP Notice:  wpcf7_add_shortcode is <strong>deprecated</strong> since Contact Form 7 version 4.6! Use wpcf7_add_form_tag instead. in /var/www/starasiaphuket.com/public_html/wp-content/plugins/contact-form-7/includes/functions.php on line 351
[30-Jan-2017 06:43:16 UTC] PHP Notice:  wpcf7_add_shortcode is <strong>deprecated</strong> since Contact Form 7 version 4.6! Use wpcf7_add_form_tag instead. in /var/www/starasiaphuket.com/public_html/wp-content/plugins/contact-form-7/includes/functions.php on line 351
[30-Jan-2017 06:43:17 UTC] PHP Notice:  wpcf7_add_shortcode is <strong>deprecated</strong> since Contact Form 7 version 4.6! Use wpcf7_add_form_tag instead. in /var/www/starasiaphuket.com/public_html/wp-content/plugins/contact-form-7/includes/functions.php on line 351
[30-Jan-2017 06:44:16 UTC] PHP Notice:  wpcf7_add_shortcode is <strong>deprecated</strong> since Contact Form 7 version 4.6! Use wpcf7_add_form_tag instead. in /var/www/starasiaphuket.com/public_html/wp-content/plugins/contact-form-7/includes/functions.php on line 351
[30-Jan-2017 06:45:14 UTC] PHP Notice:  wpcf7_add_shortcode is <strong>deprecated</strong> since Contact Form 7 version 4.6! Use wpcf7_add_form_tag instead. in /var/www/starasiaphuket.com/public_html/wp-content/plugins/contact-form-7/includes/functions.php on line 351
[30-Jan-2017 06:46:14 UTC] PHP Notice:  wpcf7_add_shortcode is <strong>deprecated</strong> since Contact Form 7 version 4.6! Use wpcf7_add_form_tag instead. in /var/www/starasiaphuket.com/public_html/wp-content/plugins/contact-form-7/includes/functions.php on line 351
[30-Jan-2017 06:48:16 UTC] PHP Notice:  wpcf7_add_shortcode is <strong>deprecated</strong> since Contact Form 7 version 4.6! Use wpcf7_add_form_tag instead. in /var/www/starasiaphuket.com/public_html/wp-content/plugins/contact-form-7/includes/functions.php on line 351
[30-Jan-2017 06:48:53 UTC] PHP Notice:  wpcf7_add_shortcode is <strong>deprecated</strong> since Contact Form 7 version 4.6! Use wpcf7_add_form_tag instead. in /var/www/starasiaphuket.com/public_html/wp-content/plugins/contact-form-7/includes/functions.php on line 351
[30-Jan-2017 06:49:15 UTC] PHP Notice:  wpcf7_add_shortcode is <strong>deprecated</strong> since Contact Form 7 version 4.6! Use wpcf7_add_form_tag instead. in /var/www/starasiaphuket.com/public_html/wp-content/plugins/contact-form-7/includes/functions.php on line 351
[30-Jan-2017 06:49:15 UTC] PHP Notice:  wpcf7_add_shortcode is <strong>deprecated</strong> since Contact Form 7 version 4.6! Use wpcf7_add_form_tag instead. in /var/www/starasiaphuket.com/public_html/wp-content/plugins/contact-form-7/includes/functions.php on line 351
[30-Jan-2017 06:51:16 UTC] PHP Notice:  wpcf7_add_shortcode is <strong>deprecated</strong> since Contact Form 7 version 4.6! Use wpcf7_add_form_tag instead. in /var/www/starasiaphuket.com/public_html/wp-content/plugins/contact-form-7/includes/functions.php on line 351
[30-Jan-2017 06:53:16 UTC] PHP Notice:  wpcf7_add_shortcode is <strong>deprecated</strong> since Contact Form 7 version 4.6! Use wpcf7_add_form_tag instead. in /var/www/starasiaphuket.com/public_html/wp-content/plugins/contact-form-7/includes/functions.php on line 351
[30-Jan-2017 06:55:16 UTC] PHP Notice:  wpcf7_add_shortcode is <strong>deprecated</strong> since Contact Form 7 version 4.6! Use wpcf7_add_form_tag instead. in /var/www/starasiaphuket.com/public_html/wp-content/plugins/contact-form-7/includes/functions.php on line 351
[30-Jan-2017 06:57:16 UTC] PHP Notice:  wpcf7_add_shortcode is <strong>deprecated</strong> since Contact Form 7 version 4.6! Use wpcf7_add_form_tag instead. in /var/www/starasiaphuket.com/public_html/wp-content/plugins/contact-form-7/includes/functions.php on line 351
[30-Jan-2017 07:01:12 UTC] PHP Notice:  wpcf7_add_shortcode is <strong>deprecated</strong> since Contact Form 7 version 4.6! Use wpcf7_add_form_tag instead. in /var/www/starasiaphuket.com/public_html/wp-content/plugins/contact-form-7/includes/functions.php on line 351
